# JRE version: Java(TM) SE Runtime Environment (17.0.12+8) (build 17.0.12+8-LTS-286)
# Java VM: Java HotSpot(TM) 64-Bit Server VM (17.0.12+8-LTS-286, mixed mode, emulated-client, sharing, tiered, compressed oops, compressed class ptrs, g1 gc, windows-amd64)
GC Precious Log:
 CPUs: 8 total, 8 available
 Memory: 16131M
 Large Page Support: Disabled
 NUMA Support: Disabled
 Compressed Oops: Enabled (Zero based)
 Heap Region Size: 2M
 Heap Min Capacity: 8M
 Heap Initial Capacity: 254M
 Heap Max Capacity: 4034M
 Pre-touch: Disabled
 Parallel Workers: 8
 Concurrent Workers: 2
 Concurrent Refinement Workers: 8
 Periodic GC: Disabled
Heap:
 garbage-first heap   total 75776K, used 32762K [0x0000000703e00000, 0x0000000800000000)
  region size 2048K, 6 young (12288K), 2 survivors (4096K)
 Metaspace       used 60360K, committed 60928K, reserved 1114112K
  class space    used 8731K, committed 9024K, reserved 1048576K
GC Heap History (20 events):
Event: 3.515 GC heap before
{Heap before GC invocations=2 (full 0):
 garbage-first heap   total 260096K, used 83986K [0x0000000703e00000, 0x0000000800000000)
  region size 2048K, 39 young (79872K), 1 survivors (2048K)
 Metaspace       used 21213K, committed 21504K, reserved 1114112K
  class space    used 3024K, committed 3136K, reserved 1048576K
}
Event: 3.525 GC heap after
{Heap after GC invocations=3 (full 0):
 garbage-first heap   total 260096K, used 13338K [0x0000000703e00000, 0x0000000800000000)
  region size 2048K, 4 young (8192K), 4 survivors (8192K)
 Metaspace       used 21213K, committed 21504K, reserved 1114112K
  class space    used 3024K, committed 3136K, reserved 1048576K
}
Event: 4.566 GC heap before
{Heap before GC invocations=4 (full 0):
 garbage-first heap   total 61440K, used 42010K [0x0000000703e00000, 0x0000000800000000)
  region size 2048K, 18 young (36864K), 4 survivors (8192K)
 Metaspace       used 25239K, committed 25664K, reserved 1114112K
  class space    used 3665K, committed 3840K, reserved 1048576K
}
Event: 4.582 GC heap after
{Heap after GC invocations=5 (full 0):
 garbage-first heap   total 61440K, used 15901K [0x0000000703e00000, 0x0000000800000000)
  region size 2048K, 2 young (4096K), 2 survivors (4096K)
 Metaspace       used 25239K, committed 25664K, reserved 1114112K
  class space    used 3665K, committed 3840K, reserved 1048576K
}
Event: 4.641 GC heap before
{Heap before GC invocations=5 (full 0):
 garbage-first heap   total 61440K, used 17949K [0x0000000703e00000, 0x0000000800000000)
  region size 2048K, 3 young (6144K), 2 survivors (4096K)
 Metaspace       used 25753K, committed 26112K, reserved 1114112K
  class space    used 3713K, committed 3904K, reserved 1048576K
}
Event: 4.649 GC heap after
{Heap after GC invocations=6 (full 0):
 garbage-first heap   total 61440K, used 16774K [0x0000000703e00000, 0x0000000800000000)
  region size 2048K, 1 young (2048K), 1 survivors (2048K)
 Metaspace       used 25753K, committed 26112K, reserved 1114112K
  class space    used 3713K, committed 3904K, reserved 1048576K
}
Event: 5.297 GC heap before
{Heap before GC invocations=6 (full 0):
 garbage-first heap   total 61440K, used 41350K [0x0000000703e00000, 0x0000000800000000)
  region size 2048K, 13 young (26624K), 1 survivors (2048K)
 Metaspace       used 29695K, committed 30144K, reserved 1114112K
  class space    used 4217K, committed 4416K, reserved 1048576K
}
Event: 5.308 GC heap after
{Heap after GC invocations=7 (full 0):
 garbage-first heap   total 61440K, used 18268K [0x0000000703e00000, 0x0000000800000000)
  region size 2048K, 2 young (4096K), 2 survivors (4096K)
 Metaspace       used 29695K, committed 30144K, reserved 1114112K
  class space    used 4217K, committed 4416K, reserved 1048576K
}
Event: 6.048 GC heap before
{Heap before GC invocations=7 (full 0):
 garbage-first heap   total 61440K, used 38748K [0x0000000703e00000, 0x0000000800000000)
  region size 2048K, 13 young (26624K), 2 survivors (4096K)
 Metaspace       used 35674K, committed 36096K, reserved 1114112K
  class space    used 5075K, committed 5312K, reserved 1048576K
}
Event: 6.060 GC heap after
{Heap after GC invocations=8 (full 0):
 garbage-first heap   total 161792K, used 19786K [0x0000000703e00000, 0x0000000800000000)
  region size 2048K, 2 young (4096K), 2 survivors (4096K)
 Metaspace       used 35674K, committed 36096K, reserved 1114112K
  class space    used 5075K, committed 5312K, reserved 1048576K
}
Event: 7.531 GC heap before
{Heap before GC invocations=9 (full 0):
 garbage-first heap   total 75776K, used 60746K [0x0000000703e00000, 0x0000000800000000)
  region size 2048K, 22 young (45056K), 2 survivors (4096K)
 Metaspace       used 49215K, committed 49664K, reserved 1114112K
  class space    used 6978K, committed 7168K, reserved 1048576K
}
Event: 7.544 GC heap after
{Heap after GC invocations=10 (full 0):
 garbage-first heap   total 75776K, used 22823K [0x0000000703e00000, 0x0000000800000000)
  region size 2048K, 3 young (6144K), 3 survivors (6144K)
 Metaspace       used 49215K, committed 49664K, reserved 1114112K
  class space    used 6978K, committed 7168K, reserved 1048576K
}
Event: 7.610 GC heap before
{Heap before GC invocations=10 (full 0):
 garbage-first heap   total 75776K, used 24871K [0x0000000703e00000, 0x0000000800000000)
  region size 2048K, 4 young (8192K), 3 survivors (6144K)
 Metaspace       used 49680K, committed 50112K, reserved 1114112K
  class space    used 7088K, committed 7296K, reserved 1048576K
}
Event: 7.626 GC heap after
{Heap after GC invocations=11 (full 0):
 garbage-first heap   total 75776K, used 22681K [0x0000000703e00000, 0x0000000800000000)
  region size 2048K, 1 young (2048K), 1 survivors (2048K)
 Metaspace       used 49680K, committed 50112K, reserved 1114112K
  class space    used 7088K, committed 7296K, reserved 1048576K
}
Event: 8.665 GC heap before
{Heap before GC invocations=11 (full 0):
 garbage-first heap   total 75776K, used 53401K [0x0000000703e00000, 0x0000000800000000)
  region size 2048K, 17 young (34816K), 1 survivors (2048K)
 Metaspace       used 56306K, committed 56832K, reserved 1114112K
  class space    used 8096K, committed 8320K, reserved 1048576K
}
Event: 8.677 GC heap after
{Heap after GC invocations=12 (full 0):
 garbage-first heap   total 75776K, used 23905K [0x0000000703e00000, 0x0000000800000000)
  region size 2048K, 1 young (2048K), 1 survivors (2048K)
 Metaspace       used 56306K, committed 56832K, reserved 1114112K
  class space    used 8096K, committed 8320K, reserved 1048576K
}
Event: 9.465 GC heap before
{Heap before GC invocations=12 (full 0):
 garbage-first heap   total 75776K, used 58721K [0x0000000703e00000, 0x0000000800000000)
  region size 2048K, 18 young (36864K), 1 survivors (2048K)
 Metaspace       used 59364K, committed 59840K, reserved 1114112K
  class space    used 8588K, committed 8768K, reserved 1048576K
}
Event: 9.470 GC heap after
{Heap after GC invocations=13 (full 0):
 garbage-first heap   total 75776K, used 25602K [0x0000000703e00000, 0x0000000800000000)
  region size 2048K, 2 young (4096K), 2 survivors (4096K)
 Metaspace       used 59364K, committed 59840K, reserved 1114112K
  class space    used 8588K, committed 8768K, reserved 1048576K
}
Event: 9.750 GC heap before
{Heap before GC invocations=13 (full 0):
 garbage-first heap   total 75776K, used 37890K [0x0000000703e00000, 0x0000000800000000)
  region size 2048K, 9 young (18432K), 2 survivors (4096K)
 Metaspace       used 60115K, committed 60608K, reserved 1114112K
  class space    used 8688K, committed 8960K, reserved 1048576K
}
Event: 9.757 GC heap after
{Heap after GC invocations=14 (full 0):
 garbage-first heap   total 75776K, used 26618K [0x0000000703e00000, 0x0000000800000000)
  region size 2048K, 2 young (4096K), 2 survivors (4096K)
 Metaspace       used 60115K, committed 60608K, reserved 1114112K
  class space    used 8688K, committed 8960K, reserved 1048576K
}

