# JRE version: Java(TM) SE Runtime Environment (17.0.12+8) (build 17.0.12+8-LTS-286)
# Java VM: Java HotSpot(TM) 64-Bit Server VM (17.0.12+8-LTS-286, mixed mode, sharing, tiered, compressed oops, compressed class ptrs, g1 gc, windows-amd64)
GC Precious Log:
 CPUs: 8 total, 8 available
 Memory: 16131M
 Large Page Support: Disabled
 NUMA Support: Disabled
 Compressed Oops: Enabled (Zero based)
 Heap Region Size: 2M
 Heap Min Capacity: 8M
 Heap Initial Capacity: 254M
 Heap Max Capacity: 4034M
 Pre-touch: Disabled
 Parallel Workers: 8
 Concurrent Workers: 2
 Concurrent Refinement Workers: 8
 Periodic GC: Disabled
Heap:
 garbage-first heap   total 184320K, used 81091K [0x0000000703e00000, 0x0000000800000000)
  region size 2048K, 21 young (43008K), 1 survivors (2048K)
 Metaspace       used 27378K, committed 27776K, reserved 1114112K
  class space    used 3092K, committed 3264K, reserved 1048576K
GC Heap History (16 events):
Event: 0.720 GC heap before
{Heap before GC invocations=0 (full 0):
 garbage-first heap   total 260096K, used 22528K [0x0000000703e00000, 0x0000000800000000)
  region size 2048K, 11 young (22528K), 0 survivors (0K)
 Metaspace       used 4755K, committed 4928K, reserved 1114112K
  class space    used 557K, committed 640K, reserved 1048576K
}
Event: 0.724 GC heap after
{Heap after GC invocations=1 (full 0):
 garbage-first heap   total 260096K, used 3634K [0x0000000703e00000, 0x0000000800000000)
  region size 2048K, 2 young (4096K), 2 survivors (4096K)
 Metaspace       used 4755K, committed 4928K, reserved 1114112K
  class space    used 557K, committed 640K, reserved 1048576K
}
Event: 1.588 GC heap before
{Heap before GC invocations=1 (full 0):
 garbage-first heap   total 260096K, used 34354K [0x0000000703e00000, 0x0000000800000000)
  region size 2048K, 17 young (34816K), 2 survivors (4096K)
 Metaspace       used 9829K, committed 9984K, reserved 1114112K
  class space    used 1215K, committed 1280K, reserved 1048576K
}
Event: 1.594 GC heap after
{Heap after GC invocations=2 (full 0):
 garbage-first heap   total 260096K, used 5628K [0x0000000703e00000, 0x0000000800000000)
  region size 2048K, 2 young (4096K), 2 survivors (4096K)
 Metaspace       used 9829K, committed 9984K, reserved 1114112K
  class space    used 1215K, committed 1280K, reserved 1048576K
}
Event: 4.086 GC heap before
{Heap before GC invocations=2 (full 0):
 garbage-first heap   total 260096K, used 161276K [0x0000000703e00000, 0x0000000800000000)
  region size 2048K, 61 young (124928K), 2 survivors (4096K)
 Metaspace       used 21233K, committed 21504K, reserved 1114112K
  class space    used 2461K, committed 2560K, reserved 1048576K
}
Event: 4.099 GC heap after
{Heap after GC invocations=3 (full 0):
 garbage-first heap   total 260096K, used 22745K [0x0000000703e00000, 0x0000000800000000)
  region size 2048K, 8 young (16384K), 8 survivors (16384K)
 Metaspace       used 21233K, committed 21504K, reserved 1114112K
  class space    used 2461K, committed 2560K, reserved 1048576K
}
Event: 4.805 GC heap before
{Heap before GC invocations=4 (full 0):
 garbage-first heap   total 90112K, used 57561K [0x0000000703e00000, 0x0000000800000000)
  region size 2048K, 26 young (53248K), 8 survivors (16384K)
 Metaspace       used 22643K, committed 22912K, reserved 1114112K
  class space    used 2585K, committed 2688K, reserved 1048576K
}
Event: 4.834 GC heap after
{Heap after GC invocations=5 (full 0):
 garbage-first heap   total 92160K, used 35199K [0x0000000703e00000, 0x0000000800000000)
  region size 2048K, 4 young (8192K), 4 survivors (8192K)
 Metaspace       used 22643K, committed 22912K, reserved 1114112K
  class space    used 2585K, committed 2688K, reserved 1048576K
}
Event: 4.844 GC heap before
{Heap before GC invocations=5 (full 0):
 garbage-first heap   total 92160K, used 37247K [0x0000000703e00000, 0x0000000800000000)
  region size 2048K, 5 young (10240K), 4 survivors (8192K)
 Metaspace       used 22645K, committed 22912K, reserved 1114112K
  class space    used 2585K, committed 2688K, reserved 1048576K
}
Event: 4.851 GC heap after
{Heap after GC invocations=6 (full 0):
 garbage-first heap   total 92160K, used 36165K [0x0000000703e00000, 0x0000000800000000)
  region size 2048K, 1 young (2048K), 1 survivors (2048K)
 Metaspace       used 22645K, committed 22912K, reserved 1114112K
  class space    used 2585K, committed 2688K, reserved 1048576K
}
Event: 5.362 GC heap before
{Heap before GC invocations=6 (full 0):
 garbage-first heap   total 92160K, used 62789K [0x0000000703e00000, 0x0000000800000000)
  region size 2048K, 14 young (28672K), 1 survivors (2048K)
 Metaspace       used 23833K, committed 24128K, reserved 1114112K
  class space    used 2686K, committed 2816K, reserved 1048576K
}
Event: 5.373 GC heap after
{Heap after GC invocations=7 (full 0):
 garbage-first heap   total 92160K, used 40722K [0x0000000703e00000, 0x0000000800000000)
  region size 2048K, 2 young (4096K), 2 survivors (4096K)
 Metaspace       used 23833K, committed 24128K, reserved 1114112K
  class space    used 2686K, committed 2816K, reserved 1048576K
}
Event: 6.015 GC heap before
{Heap before GC invocations=7 (full 0):
 garbage-first heap   total 92160K, used 63250K [0x0000000703e00000, 0x0000000800000000)
  region size 2048K, 14 young (28672K), 2 survivors (4096K)
 Metaspace       used 25130K, committed 25472K, reserved 1114112K
  class space    used 2832K, committed 3008K, reserved 1048576K
}
Event: 6.023 GC heap after
{Heap after GC invocations=8 (full 0):
 garbage-first heap   total 92160K, used 41807K [0x0000000703e00000, 0x0000000800000000)
  region size 2048K, 1 young (2048K), 1 survivors (2048K)
 Metaspace       used 25130K, committed 25472K, reserved 1114112K
  class space    used 2832K, committed 3008K, reserved 1048576K
}
Event: 6.413 GC heap before
{Heap before GC invocations=8 (full 0):
 garbage-first heap   total 92160K, used 66383K [0x0000000703e00000, 0x0000000800000000)
  region size 2048K, 13 young (26624K), 1 survivors (2048K)
 Metaspace       used 25936K, committed 26368K, reserved 1114112K
  class space    used 2928K, committed 3136K, reserved 1048576K
}
Event: 6.419 GC heap after
{Heap after GC invocations=9 (full 0):
 garbage-first heap   total 184320K, used 42179K [0x0000000703e00000, 0x0000000800000000)
  region size 2048K, 1 young (2048K), 1 survivors (2048K)
 Metaspace       used 25936K, committed 26368K, reserved 1114112K
  class space    used 2928K, committed 3136K, reserved 1048576K
}

